{"uuid":"ad206be8-3d08-43bd-91ea-644b1aa9ae88","historyId":"94119ca09a2b26c76e7f92eb279830e4","testCaseId":"[engine:junit-vintage]/[runner:com.example.demo.Tests.Test0002]/[test:test3(com.example.demo.Tests.Test0002)]","testCaseName":"test3","fullName":"com.example.demo.Tests.Test0002.test3","labels":[{"name":"junit.platform.uniqueid","value":"[engine:junit-vintage]/[runner:com.example.demo.Tests.Test0002]/[test:test3(com.example.demo.Tests.Test0002)]"},{"name":"host","value":"LAPTOP-EEE7KIDR"},{"name":"thread","value":"9028@LAPTOP-EEE7KIDR.main(1)"},{"name":"framework","value":"junit-platform"},{"name":"language","value":"java"},{"name":"package","value":"com.example.demo.Tests.Test0002"},{"name":"testClass","value":"com.example.demo.Tests.Test0002"},{"name":"testMethod","value":"test3"},{"name":"suite","value":"com.example.demo.Tests.Test0002"}],"links":[],"name":"test3","status":"failed","statusDetails":{"known":false,"muted":false,"flaky":false,"message":"test3(\"com.example.demo.models.NoteData@30665461\" <from notesFromXmlFile1[0]>, \"com.example.demo.models.NoteData@146833a2\" <from notesFromXmlFile1[0]>)","trace":"org.junit.experimental.theories.internal.ParameterizedAssertionError: test3(\"com.example.demo.models.NoteData@30665461\" <from notesFromXmlFile1[0]>, \"com.example.demo.models.NoteData@146833a2\" <from notesFromXmlFile1[0]>)\r\n\tat org.junit.experimental.theories.Theories$TheoryAnchor.reportParameterizedError(Theories.java:293)\r\n\tat org.junit.experimental.theories.Theories$TheoryAnchor$1$1.evaluate(Theories.java:242)\r\n\tat org.junit.experimental.theories.Theories$TheoryAnchor.runWithCompleteAssignment(Theories.java:223)\r\n\tat org.junit.experimental.theories.Theories$TheoryAnchor.runWithAssignment(Theories.java:209)\r\n\tat org.junit.experimental.theories.Theories$TheoryAnchor.runWithIncompleteAssignment(Theories.java:217)\r\n\tat org.junit.experimental.theories.Theories$TheoryAnchor.runWithAssignment(Theories.java:207)\r\n\tat org.junit.experimental.theories.Theories$TheoryAnchor.runWithIncompleteAssignment(Theories.java:217)\r\n\tat org.junit.experimental.theories.Theories$TheoryAnchor.runWithAssignment(Theories.java:207)\r\n\tat org.junit.experimental.theories.Theories$TheoryAnchor.evaluate(Theories.java:192)\r\n\tat org.junit.runners.BlockJUnit4ClassRunner$1.evaluate(BlockJUnit4ClassRunner.java:100)\r\n\tat org.junit.runners.ParentRunner.runLeaf(ParentRunner.java:366)\r\n\tat org.junit.runners.BlockJUnit4ClassRunner.runChild(BlockJUnit4ClassRunner.java:103)\r\n\tat org.junit.runners.BlockJUnit4ClassRunner.runChild(BlockJUnit4ClassRunner.java:63)\r\n\tat org.junit.runners.ParentRunner$4.run(ParentRunner.java:331)\r\n\tat org.junit.runners.ParentRunner$1.schedule(ParentRunner.java:79)\r\n\tat org.junit.runners.ParentRunner.runChildren(ParentRunner.java:329)\r\n\tat org.junit.runners.ParentRunner.access$100(ParentRunner.java:66)\r\n\tat org.junit.runners.ParentRunner$2.evaluate(ParentRunner.java:293)\r\n\tat org.junit.runners.ParentRunner$3.evaluate(ParentRunner.java:306)\r\n\tat org.junit.runners.ParentRunner.run(ParentRunner.java:413)\r\n\tat org.junit.runner.JUnitCore.run(JUnitCore.java:137)\r\n\tat org.junit.runner.JUnitCore.run(JUnitCore.java:115)\r\n\tat org.junit.vintage.engine.execution.RunnerExecutor.execute(RunnerExecutor.java:42)\r\n\tat org.junit.vintage.engine.VintageTestEngine.executeAllChildren(VintageTestEngine.java:80)\r\n\tat org.junit.vintage.engine.VintageTestEngine.execute(VintageTestEngine.java:72)\r\n\tat org.junit.platform.launcher.core.EngineExecutionOrchestrator.execute(EngineExecutionOrchestrator.java:107)\r\n\tat org.junit.platform.launcher.core.EngineExecutionOrchestrator.execute(EngineExecutionOrchestrator.java:88)\r\n\tat org.junit.platform.launcher.core.EngineExecutionOrchestrator.lambda$execute$0(EngineExecutionOrchestrator.java:54)\r\n\tat org.junit.platform.launcher.core.EngineExecutionOrchestrator.withInterceptedStreams(EngineExecutionOrchestrator.java:67)\r\n\tat org.junit.platform.launcher.core.EngineExecutionOrchestrator.execute(EngineExecutionOrchestrator.java:52)\r\n\tat org.junit.platform.launcher.core.DefaultLauncher.execute(DefaultLauncher.java:114)\r\n\tat org.junit.platform.launcher.core.DefaultLauncher.execute(DefaultLauncher.java:86)\r\n\tat org.junit.platform.launcher.core.DefaultLauncherSession$DelegatingLauncher.execute(DefaultLauncherSession.java:86)\r\n\tat org.junit.platform.launcher.core.SessionPerRequestLauncher.execute(SessionPerRequestLauncher.java:53)\r\n\tat com.intellij.junit5.JUnit5IdeaTestRunner.startRunnerWithArgs(JUnit5IdeaTestRunner.java:71)\r\n\tat com.intellij.rt.junit.IdeaTestRunner$Repeater.startRunnerWithArgs(IdeaTestRunner.java:33)\r\n\tat com.intellij.rt.junit.JUnitStarter.prepareStreamsAndStart(JUnitStarter.java:235)\r\n\tat com.intellij.rt.junit.JUnitStarter.main(JUnitStarter.java:54)\r\nCaused by: org.openqa.selenium.NoSuchSessionException: invalid session id\nBuild info: version: '4.5.0', revision: 'fe167b119a'\nSystem info: os.name: 'Windows 10', os.arch: 'amd64', os.version: '10.0', java.version: '19'\nDriver info: org.openqa.selenium.chrome.ChromeDriver\nCommand: [77989e8938a962618fdffa166ba5747e, setTimeout {implicit=30000}]\nCapabilities {acceptInsecureCerts: false, browserName: chrome, browserVersion: 107.0.5304.107, chrome: {chromedriverVersion: 106.0.5249.61 (511755355844..., userDataDir: C:\\Users\\Home\\AppData\\Local...}, goog:chromeOptions: {debuggerAddress: localhost:63430}, networkConnectionEnabled: false, pageLoadStrategy: normal, platformName: WINDOWS, proxy: Proxy(), se:cdp: ws://localhost:63430/devtoo..., se:cdpVersion: 107.0.5304.107, setWindowRect: true, strictFileInteractability: false, timeouts: {implicit: 0, pageLoad: 300000, script: 30000}, unhandledPromptBehavior: dismiss and notify, webauthn:extension:credBlob: true, webauthn:extension:largeBlob: true, webauthn:virtualAuthenticators: true}\nSession ID: 77989e8938a962618fdffa166ba5747e\r\n\tat java.base/jdk.internal.reflect.DirectConstructorHandleAccessor.newInstance(DirectConstructorHandleAccessor.java:67)\r\n\tat java.base/java.lang.reflect.Constructor.newInstanceWithCaller(Constructor.java:500)\r\n\tat java.base/java.lang.reflect.Constructor.newInstance(Constructor.java:484)\r\n\tat org.openqa.selenium.remote.codec.w3c.W3CHttpResponseCodec.createException(W3CHttpResponseCodec.java:200)\r\n\tat org.openqa.selenium.remote.codec.w3c.W3CHttpResponseCodec.decode(W3CHttpResponseCodec.java:133)\r\n\tat org.openqa.selenium.remote.codec.w3c.W3CHttpResponseCodec.decode(W3CHttpResponseCodec.java:53)\r\n\tat org.openqa.selenium.remote.HttpCommandExecutor.execute(HttpCommandExecutor.java:184)\r\n\tat org.openqa.selenium.remote.service.DriverCommandExecutor.invokeExecute(DriverCommandExecutor.java:167)\r\n\tat org.openqa.selenium.remote.service.DriverCommandExecutor.execute(DriverCommandExecutor.java:142)\r\n\tat org.openqa.selenium.remote.RemoteWebDriver.execute(RemoteWebDriver.java:547)\r\n\tat org.openqa.selenium.remote.RemoteWebDriver$RemoteWebDriverOptions$RemoteTimeouts.implicitlyWait(RemoteWebDriver.java:858)\r\n\tat org.openqa.selenium.remote.RemoteWebDriver$RemoteWebDriverOptions$RemoteTimeouts.implicitlyWait(RemoteWebDriver.java:853)\r\n\tat com.example.demo.helpers.NoteHelper.waitASecond(NoteHelper.java:42)\r\n\tat com.example.demo.helpers.NoteHelper.changeNote(NoteHelper.java:71)\r\n\tat com.example.demo.Tests.Test0002.test3(Test0002.java:54)\r\n\tat java.base/jdk.internal.reflect.DirectMethodHandleAccessor.invoke(DirectMethodHandleAccessor.java:104)\r\n\tat java.base/java.lang.reflect.Method.invoke(Method.java:578)\r\n\tat org.junit.runners.model.FrameworkMethod$1.runReflectiveCall(FrameworkMethod.java:59)\r\n\tat org.junit.internal.runners.model.ReflectiveCallable.run(ReflectiveCallable.java:12)\r\n\tat org.junit.runners.model.FrameworkMethod.invokeExplosively(FrameworkMethod.java:56)\r\n\tat org.junit.experimental.theories.Theories$TheoryAnchor$2.evaluate(Theories.java:279)\r\n\tat org.junit.internal.runners.statements.RunBefores.evaluate(RunBefores.java:26)\r\n\tat org.junit.runners.ParentRunner$3.evaluate(ParentRunner.java:306)\r\n\tat org.junit.experimental.theories.Theories$TheoryAnchor$1$1.evaluate(Theories.java:237)\r\n\t... 36 more\r\n"},"stage":"finished","description":"","steps":[],"attachments":[],"parameters":[],"start":1668948352141,"stop":1668948352543}