{"uuid":"b6ea62d5-6658-4418-aeaf-bf2494cce78f","historyId":"4c27a02fa264b43d328693eb4427ec30","testCaseId":"[engine:junit-vintage]/[runner:com.example.demo.Tests.Test00042]/[test:test4(com.example.demo.Tests.Test00042)]","testCaseName":"test4","fullName":"com.example.demo.Tests.Test00042.test4","labels":[{"name":"junit.platform.uniqueid","value":"[engine:junit-vintage]/[runner:com.example.demo.Tests.Test00042]/[test:test4(com.example.demo.Tests.Test00042)]"},{"name":"host","value":"LAPTOP-EEE7KIDR"},{"name":"thread","value":"15096@LAPTOP-EEE7KIDR.main(1)"},{"name":"framework","value":"junit-platform"},{"name":"language","value":"java"},{"name":"package","value":"com.example.demo.Tests.Test00042"},{"name":"testClass","value":"com.example.demo.Tests.Test00042"},{"name":"testMethod","value":"test4"},{"name":"suite","value":"com.example.demo.Tests.Test00042"}],"links":[],"name":"test4","status":"failed","statusDetails":{"known":false,"muted":false,"flaky":false,"message":"test4(\"com.example.demo.models.NoteData@3340ce58\" <from notesFromXmlFile1[0]>, \"com.example.demo.models.NoteData@14499b52\" <from notesFromXmlFile1[0]>)","trace":"org.junit.experimental.theories.internal.ParameterizedAssertionError: test4(\"com.example.demo.models.NoteData@3340ce58\" <from notesFromXmlFile1[0]>, \"com.example.demo.models.NoteData@14499b52\" <from notesFromXmlFile1[0]>)\r\n\tat org.junit.experimental.theories.Theories$TheoryAnchor.reportParameterizedError(Theories.java:293)\r\n\tat org.junit.experimental.theories.Theories$TheoryAnchor$1$1.evaluate(Theories.java:242)\r\n\tat org.junit.experimental.theories.Theories$TheoryAnchor.runWithCompleteAssignment(Theories.java:223)\r\n\tat org.junit.experimental.theories.Theories$TheoryAnchor.runWithAssignment(Theories.java:209)\r\n\tat org.junit.experimental.theories.Theories$TheoryAnchor.runWithIncompleteAssignment(Theories.java:217)\r\n\tat org.junit.experimental.theories.Theories$TheoryAnchor.runWithAssignment(Theories.java:207)\r\n\tat org.junit.experimental.theories.Theories$TheoryAnchor.runWithIncompleteAssignment(Theories.java:217)\r\n\tat org.junit.experimental.theories.Theories$TheoryAnchor.runWithAssignment(Theories.java:207)\r\n\tat org.junit.experimental.theories.Theories$TheoryAnchor.evaluate(Theories.java:192)\r\n\tat org.junit.runners.BlockJUnit4ClassRunner$1.evaluate(BlockJUnit4ClassRunner.java:100)\r\n\tat org.junit.runners.ParentRunner.runLeaf(ParentRunner.java:366)\r\n\tat org.junit.runners.BlockJUnit4ClassRunner.runChild(BlockJUnit4ClassRunner.java:103)\r\n\tat org.junit.runners.BlockJUnit4ClassRunner.runChild(BlockJUnit4ClassRunner.java:63)\r\n\tat org.junit.runners.ParentRunner$4.run(ParentRunner.java:331)\r\n\tat org.junit.runners.ParentRunner$1.schedule(ParentRunner.java:79)\r\n\tat org.junit.runners.ParentRunner.runChildren(ParentRunner.java:329)\r\n\tat org.junit.runners.ParentRunner.access$100(ParentRunner.java:66)\r\n\tat org.junit.runners.ParentRunner$2.evaluate(ParentRunner.java:293)\r\n\tat org.junit.runners.ParentRunner$3.evaluate(ParentRunner.java:306)\r\n\tat org.junit.runners.ParentRunner.run(ParentRunner.java:413)\r\n\tat org.junit.runner.JUnitCore.run(JUnitCore.java:137)\r\n\tat org.junit.runner.JUnitCore.run(JUnitCore.java:115)\r\n\tat org.junit.vintage.engine.execution.RunnerExecutor.execute(RunnerExecutor.java:42)\r\n\tat org.junit.vintage.engine.VintageTestEngine.executeAllChildren(VintageTestEngine.java:80)\r\n\tat org.junit.vintage.engine.VintageTestEngine.execute(VintageTestEngine.java:72)\r\n\tat org.junit.platform.launcher.core.EngineExecutionOrchestrator.execute(EngineExecutionOrchestrator.java:107)\r\n\tat org.junit.platform.launcher.core.EngineExecutionOrchestrator.execute(EngineExecutionOrchestrator.java:88)\r\n\tat org.junit.platform.launcher.core.EngineExecutionOrchestrator.lambda$execute$0(EngineExecutionOrchestrator.java:54)\r\n\tat org.junit.platform.launcher.core.EngineExecutionOrchestrator.withInterceptedStreams(EngineExecutionOrchestrator.java:67)\r\n\tat org.junit.platform.launcher.core.EngineExecutionOrchestrator.execute(EngineExecutionOrchestrator.java:52)\r\n\tat org.junit.platform.launcher.core.DefaultLauncher.execute(DefaultLauncher.java:114)\r\n\tat org.junit.platform.launcher.core.DefaultLauncher.execute(DefaultLauncher.java:86)\r\n\tat org.junit.platform.launcher.core.DefaultLauncherSession$DelegatingLauncher.execute(DefaultLauncherSession.java:86)\r\n\tat org.junit.platform.launcher.core.SessionPerRequestLauncher.execute(SessionPerRequestLauncher.java:53)\r\n\tat com.intellij.junit5.JUnit5IdeaTestRunner.startRunnerWithArgs(JUnit5IdeaTestRunner.java:71)\r\n\tat com.intellij.rt.junit.IdeaTestRunner$Repeater.startRunnerWithArgs(IdeaTestRunner.java:33)\r\n\tat com.intellij.rt.junit.JUnitStarter.prepareStreamsAndStart(JUnitStarter.java:235)\r\n\tat com.intellij.rt.junit.JUnitStarter.main(JUnitStarter.java:54)\r\nCaused by: java.lang.IllegalArgumentException: Keys to send should be a not null CharSequence\r\n\tat org.openqa.selenium.remote.RemoteWebElement.sendKeys(RemoteWebElement.java:98)\r\n\tat com.example.demo.helpers.LoginHelper.fillEmailField(LoginHelper.java:44)\r\n\tat com.example.demo.helpers.LoginHelper.Login(LoginHelper.java:114)\r\n\tat com.example.demo.helpers.AuthBase.setUpTest(AuthBase.java:31)\r\n\tat java.base/jdk.internal.reflect.DirectMethodHandleAccessor.invoke(DirectMethodHandleAccessor.java:104)\r\n\tat java.base/java.lang.reflect.Method.invoke(Method.java:578)\r\n\tat org.junit.runners.model.FrameworkMethod$1.runReflectiveCall(FrameworkMethod.java:59)\r\n\tat org.junit.internal.runners.model.ReflectiveCallable.run(ReflectiveCallable.java:12)\r\n\tat org.junit.runners.model.FrameworkMethod.invokeExplosively(FrameworkMethod.java:56)\r\n\tat org.junit.internal.runners.statements.RunBefores.invokeMethod(RunBefores.java:33)\r\n\tat org.junit.internal.runners.statements.RunBefores.evaluate(RunBefores.java:24)\r\n\tat org.junit.runners.ParentRunner$3.evaluate(ParentRunner.java:306)\r\n\tat org.junit.experimental.theories.Theories$TheoryAnchor$1$1.evaluate(Theories.java:237)\r\n\t... 36 more\r\n"},"stage":"finished","description":"","steps":[],"attachments":[],"parameters":[],"start":1669027792237,"stop":1669027842385}